{"level":"info","time":"2025-08-10T06:20:59.523Z","hostname":"PKKHICS01L5128","context":"userService","message":"HTTPS server started on "}
{"level":"info","time":"2025-08-10T06:20:59.524Z","hostname":"PKKHICS01L5128","context":"userService","message":"HTTPS server started on "}
{"level":"info","time":"2025-08-10T07:02:01.804Z","hostname":"PKKHICS01L5128","context":"userService","message":"HTTPS server started on "}
{"level":"info","time":"2025-08-10T07:02:01.804Z","hostname":"PKKHICS01L5128","context":"userService","message":"HTTPS server started on "}
{"level":"info","time":"2025-08-10T07:22:20.866Z","hostname":"PKKHICS01L5128","context":"userService","message":"HTTPS server started on "}
{"level":"info","time":"2025-08-10T07:22:20.867Z","hostname":"PKKHICS01L5128","context":"userService","message":"HTTPS server started on "}
{"level":"info","time":"2025-08-10T07:22:26.137Z","hostname":"PKKHICS01L5128","context":"userService","message":"HTTPS server started on "}
{"level":"info","time":"2025-08-10T07:22:26.137Z","hostname":"PKKHICS01L5128","context":"userService","message":"HTTPS server started on "}
{"level":"info","time":"2025-08-10T07:36:41.158Z","hostname":"PKKHICS01L5128","context":"userService","message":"HTTPS server started on "}
{"level":"info","time":"2025-08-10T07:36:41.159Z","hostname":"PKKHICS01L5128","context":"userService","message":"HTTPS server started on "}
{"level":"info","time":"2025-08-10T08:42:01.140Z","hostname":"PKKHICS01L5128","context":"userService","message":"HTTPS server started on "}
{"level":"info","time":"2025-08-10T08:42:01.142Z","hostname":"PKKHICS01L5128","context":"userService","message":"HTTPS server started on "}
{"level":"info","time":"2025-08-10T08:42:07.526Z","hostname":"PKKHICS01L5128","context":"userService","message":"HTTPS server started on "}
{"level":"info","time":"2025-08-10T08:42:07.529Z","hostname":"PKKHICS01L5128","context":"userService","message":"HTTPS server started on "}
{"level":"info","time":"2025-08-10T08:42:59.657Z","hostname":"PKKHICS01L5128","context":"userService","message":"HTTPS server started on "}
{"level":"info","time":"2025-08-10T08:42:59.658Z","hostname":"PKKHICS01L5128","context":"userService","message":"HTTPS server started on "}
{"level":"error","time":"2025-08-10T08:42:59.664Z","hostname":"PKKHICS01L5128","context":"userService","message":"Error: querySrv ECONNREFUSED _mongodb._tcp.cluster0.1wehduf.mongodb.net\n    at QueryReqWrap.onresolve [as oncomplete] (node:internal/dns/promises:294:17)"}
{"level":"info","time":"2025-08-10T08:44:39.303Z","hostname":"PKKHICS01L5128","context":"userService","message":"HTTPS server started on "}
{"level":"info","time":"2025-08-10T08:44:39.304Z","hostname":"PKKHICS01L5128","context":"userService","message":"HTTPS server started on "}
{"level":"info","time":"2025-08-10T08:47:59.591Z","hostname":"PKKHICS01L5128","context":"userService","message":"HTTPS server started on "}
{"level":"info","time":"2025-08-10T08:47:59.594Z","hostname":"PKKHICS01L5128","context":"userService","message":"HTTPS server started on "}
{"level":"info","time":"2025-08-10T08:48:07.469Z","hostname":"PKKHICS01L5128","context":"userService","message":"HTTPS server started on "}
{"level":"info","time":"2025-08-10T08:48:07.472Z","hostname":"PKKHICS01L5128","context":"userService","message":"HTTPS server started on "}
{"level":"info","time":"2025-08-10T08:48:11.209Z","hostname":"PKKHICS01L5128","context":"userService","message":"HTTPS server started on "}
{"level":"info","time":"2025-08-10T08:48:11.211Z","hostname":"PKKHICS01L5128","context":"userService","message":"HTTPS server started on "}
{"level":"info","time":"2025-08-10T08:48:37.509Z","hostname":"PKKHICS01L5128","context":"userService","message":"HTTPS server started on "}
{"level":"info","time":"2025-08-10T08:48:37.512Z","hostname":"PKKHICS01L5128","context":"userService","message":"HTTPS server started on "}
{"level":"info","time":"2025-08-10T08:50:30.641Z","hostname":"PKKHICS01L5128","context":"userService","message":"HTTPS server started on "}
{"level":"info","time":"2025-08-10T08:50:30.643Z","hostname":"PKKHICS01L5128","context":"userService","message":"HTTPS server started on "}
{"level":"info","time":"2025-08-10T08:50:43.965Z","hostname":"PKKHICS01L5128","context":"userService","message":"HTTPS server started on "}
{"level":"info","time":"2025-08-10T08:50:43.966Z","hostname":"PKKHICS01L5128","context":"userService","message":"HTTPS server started on "}
{"level":"info","time":"2025-08-10T08:50:50.694Z","hostname":"PKKHICS01L5128","context":"userService","message":"HTTPS server started on "}
{"level":"info","time":"2025-08-10T08:50:50.695Z","hostname":"PKKHICS01L5128","context":"userService","message":"HTTPS server started on "}
{"level":"info","time":"2025-08-10T08:51:03.831Z","hostname":"PKKHICS01L5128","context":"userService","message":"HTTPS server started on "}
{"level":"info","time":"2025-08-10T08:51:03.833Z","hostname":"PKKHICS01L5128","context":"userService","message":"HTTPS server started on "}
{"level":"info","time":"2025-08-10T08:51:45.795Z","hostname":"PKKHICS01L5128","context":"userService","message":"HTTPS server started on "}
{"level":"info","time":"2025-08-10T08:51:45.796Z","hostname":"PKKHICS01L5128","context":"userService","message":"HTTPS server started on "}
{"level":"info","time":"2025-08-10T09:22:35.105Z","hostname":"PKKHICS01L5128","context":"userService","message":"HTTPS server started on "}
{"level":"info","time":"2025-08-10T09:22:35.106Z","hostname":"PKKHICS01L5128","context":"userService","message":"HTTPS server started on "}
{"level":"error","time":"2025-08-10T09:23:21.402Z","hostname":"PKKHICS01L5128","context":"userService","message":"Error: queryTxt ETIMEOUT cluster0.1wehduf.mongodb.net\n    at QueryReqWrap.onresolve [as oncomplete] (node:internal/dns/promises:294:17)"}
{"level":"info","time":"2025-08-10T09:46:41.596Z","hostname":"PKKHICS01L5128","context":"userService","message":"HTTPS server started on "}
{"level":"info","time":"2025-08-10T09:46:41.596Z","hostname":"PKKHICS01L5128","context":"userService","message":"HTTPS server started on "}
{"level":"info","time":"2025-08-10T09:55:36.286Z","hostname":"PKKHICS01L5128","context":"userService","message":"HTTPS server started on "}
{"level":"info","time":"2025-08-10T09:55:36.286Z","hostname":"PKKHICS01L5128","context":"userService","message":"HTTPS server started on "}
{"level":"info","time":"2025-08-10T09:55:39.210Z","hostname":"PKKHICS01L5128","context":"userService","message":"HTTPS server started on "}
{"level":"info","time":"2025-08-10T09:55:39.211Z","hostname":"PKKHICS01L5128","context":"userService","message":"HTTPS server started on "}
{"level":"info","time":"2025-08-10T09:55:43.400Z","hostname":"PKKHICS01L5128","context":"userService","message":"HTTPS server started on "}
{"level":"info","time":"2025-08-10T09:55:43.401Z","hostname":"PKKHICS01L5128","context":"userService","message":"HTTPS server started on "}
{"level":"info","time":"2025-08-10T09:55:47.812Z","hostname":"PKKHICS01L5128","context":"userService","message":"HTTPS server started on "}
{"level":"info","time":"2025-08-10T09:55:47.813Z","hostname":"PKKHICS01L5128","context":"userService","message":"HTTPS server started on "}
{"level":"info","time":"2025-08-10T09:55:54.646Z","hostname":"PKKHICS01L5128","context":"userService","message":"HTTPS server started on "}
{"level":"info","time":"2025-08-10T09:55:54.646Z","hostname":"PKKHICS01L5128","context":"userService","message":"HTTPS server started on "}
{"level":"info","time":"2025-08-10T09:55:59.494Z","hostname":"PKKHICS01L5128","context":"userService","message":"HTTPS server started on "}
{"level":"info","time":"2025-08-10T09:55:59.495Z","hostname":"PKKHICS01L5128","context":"userService","message":"HTTPS server started on "}
{"level":"info","time":"2025-08-10T09:56:40.797Z","hostname":"PKKHICS01L5128","context":"userService","message":"HTTPS server started on "}
{"level":"info","time":"2025-08-10T09:56:40.798Z","hostname":"PKKHICS01L5128","context":"userService","message":"HTTPS server started on "}
{"level":"info","time":"2025-08-10T09:56:44.271Z","hostname":"PKKHICS01L5128","context":"userService","message":"HTTPS server started on "}
{"level":"info","time":"2025-08-10T09:56:44.272Z","hostname":"PKKHICS01L5128","context":"userService","message":"HTTPS server started on "}
{"level":"info","time":"2025-08-10T09:56:48.712Z","hostname":"PKKHICS01L5128","context":"userService","message":"HTTPS server started on "}
{"level":"info","time":"2025-08-10T09:56:48.713Z","hostname":"PKKHICS01L5128","context":"userService","message":"HTTPS server started on "}
{"level":"info","time":"2025-08-10T09:57:05.626Z","hostname":"PKKHICS01L5128","context":"userService","message":"HTTPS server started on "}
{"level":"info","time":"2025-08-10T09:57:05.627Z","hostname":"PKKHICS01L5128","context":"userService","message":"HTTPS server started on "}
{"level":"info","time":"2025-08-10T09:57:09.901Z","hostname":"PKKHICS01L5128","context":"userService","message":"HTTPS server started on "}
{"level":"info","time":"2025-08-10T09:57:09.902Z","hostname":"PKKHICS01L5128","context":"userService","message":"HTTPS server started on "}
{"level":"info","time":"2025-08-10T09:57:14.774Z","hostname":"PKKHICS01L5128","context":"userService","message":"HTTPS server started on "}
{"level":"info","time":"2025-08-10T09:57:14.774Z","hostname":"PKKHICS01L5128","context":"userService","message":"HTTPS server started on "}
{"level":"info","time":"2025-08-10T09:57:23.391Z","hostname":"PKKHICS01L5128","context":"userService","message":"HTTPS server started on "}
{"level":"info","time":"2025-08-10T09:57:23.392Z","hostname":"PKKHICS01L5128","context":"userService","message":"HTTPS server started on "}
{"level":"info","time":"2025-08-10T09:59:49.337Z","hostname":"PKKHICS01L5128","context":"userService","message":"HTTPS server started on "}
{"level":"info","time":"2025-08-10T09:59:49.338Z","hostname":"PKKHICS01L5128","context":"userService","message":"HTTPS server started on "}
{"level":"info","time":"2025-08-10T09:59:55.857Z","hostname":"PKKHICS01L5128","context":"userService","message":"HTTPS server started on "}
{"level":"info","time":"2025-08-10T09:59:55.857Z","hostname":"PKKHICS01L5128","context":"userService","message":"HTTPS server started on "}
{"level":"info","time":"2025-08-10T09:59:58.391Z","hostname":"PKKHICS01L5128","context":"userService","message":"HTTPS server started on "}
{"level":"info","time":"2025-08-10T09:59:58.392Z","hostname":"PKKHICS01L5128","context":"userService","message":"HTTPS server started on "}
{"level":"info","time":"2025-08-10T10:00:05.575Z","hostname":"PKKHICS01L5128","context":"userService","message":"HTTPS server started on "}
{"level":"info","time":"2025-08-10T10:00:05.576Z","hostname":"PKKHICS01L5128","context":"userService","message":"HTTPS server started on "}
{"level":"info","time":"2025-08-10T10:00:12.204Z","hostname":"PKKHICS01L5128","context":"userService","message":"HTTPS server started on "}
{"level":"info","time":"2025-08-10T10:00:12.205Z","hostname":"PKKHICS01L5128","context":"userService","message":"HTTPS server started on "}
{"level":"info","time":"2025-08-10T10:00:16.978Z","hostname":"PKKHICS01L5128","context":"userService","message":"HTTPS server started on "}
{"level":"info","time":"2025-08-10T10:00:16.978Z","hostname":"PKKHICS01L5128","context":"userService","message":"HTTPS server started on "}
{"level":"info","time":"2025-08-10T10:01:22.953Z","hostname":"PKKHICS01L5128","context":"userService","message":"HTTPS server started on "}
{"level":"info","time":"2025-08-10T10:01:22.953Z","hostname":"PKKHICS01L5128","context":"userService","message":"HTTPS server started on "}
{"level":"info","time":"2025-08-10T10:01:29.068Z","hostname":"PKKHICS01L5128","context":"userService","message":"HTTPS server started on "}
{"level":"info","time":"2025-08-10T10:01:29.069Z","hostname":"PKKHICS01L5128","context":"userService","message":"HTTPS server started on "}
{"level":"info","time":"2025-08-10T10:01:37.398Z","hostname":"PKKHICS01L5128","context":"userService","message":"HTTPS server started on "}
{"level":"info","time":"2025-08-10T10:01:37.399Z","hostname":"PKKHICS01L5128","context":"userService","message":"HTTPS server started on "}
{"level":"info","time":"2025-08-10T10:01:43.785Z","hostname":"PKKHICS01L5128","context":"userService","message":"HTTPS server started on "}
{"level":"info","time":"2025-08-10T10:01:43.786Z","hostname":"PKKHICS01L5128","context":"userService","message":"HTTPS server started on "}
{"level":"info","time":"2025-08-10T10:01:48.285Z","hostname":"PKKHICS01L5128","context":"userService","message":"HTTPS server started on "}
{"level":"info","time":"2025-08-10T10:01:48.286Z","hostname":"PKKHICS01L5128","context":"userService","message":"HTTPS server started on "}
{"level":"info","time":"2025-08-10T10:02:00.356Z","hostname":"PKKHICS01L5128","context":"userService","message":"HTTPS server started on "}
{"level":"info","time":"2025-08-10T10:02:00.356Z","hostname":"PKKHICS01L5128","context":"userService","message":"HTTPS server started on "}
{"level":"info","time":"2025-08-10T10:09:33.293Z","hostname":"PKKHICS01L5128","context":"userService","message":"HTTPS server started on "}
{"level":"info","time":"2025-08-10T10:09:33.294Z","hostname":"PKKHICS01L5128","context":"userService","message":"HTTPS server started on "}
{"level":"info","time":"2025-08-10T10:10:15.871Z","hostname":"PKKHICS01L5128","context":"userService","message":"HTTPS server started on "}
{"level":"info","time":"2025-08-10T10:10:15.872Z","hostname":"PKKHICS01L5128","context":"userService","message":"HTTPS server started on "}
{"level":"info","time":"2025-08-10T10:10:23.732Z","hostname":"PKKHICS01L5128","context":"userService","message":"HTTPS server started on "}
{"level":"info","time":"2025-08-10T10:10:23.732Z","hostname":"PKKHICS01L5128","context":"userService","message":"HTTPS server started on "}
{"level":"info","time":"2025-08-10T10:10:33.980Z","hostname":"PKKHICS01L5128","context":"userService","message":"HTTPS server started on "}
{"level":"info","time":"2025-08-10T10:10:33.981Z","hostname":"PKKHICS01L5128","context":"userService","message":"HTTPS server started on "}
{"level":"info","time":"2025-08-10T10:26:35.933Z","hostname":"PKKHICS01L5128","context":"userService","message":"HTTPS server started on "}
{"level":"info","time":"2025-08-10T10:26:35.934Z","hostname":"PKKHICS01L5128","context":"userService","message":"HTTPS server started on "}
{"level":"info","time":"2025-08-10T10:26:42.646Z","hostname":"PKKHICS01L5128","context":"userService","message":"HTTPS server started on "}
{"level":"info","time":"2025-08-10T10:26:42.647Z","hostname":"PKKHICS01L5128","context":"userService","message":"HTTPS server started on "}
{"level":"info","time":"2025-08-10T10:26:46.352Z","hostname":"PKKHICS01L5128","context":"userService","message":"HTTPS server started on "}
{"level":"info","time":"2025-08-10T10:26:46.352Z","hostname":"PKKHICS01L5128","context":"userService","message":"HTTPS server started on "}
{"level":"info","time":"2025-08-10T10:26:51.544Z","hostname":"PKKHICS01L5128","context":"userService","message":"HTTPS server started on "}
{"level":"info","time":"2025-08-10T10:26:51.544Z","hostname":"PKKHICS01L5128","context":"userService","message":"HTTPS server started on "}
{"level":"info","time":"2025-08-10T10:26:58.538Z","hostname":"PKKHICS01L5128","context":"userService","message":"HTTPS server started on "}
{"level":"info","time":"2025-08-10T10:26:58.538Z","hostname":"PKKHICS01L5128","context":"userService","message":"HTTPS server started on "}
{"level":"info","time":"2025-08-10T10:27:15.688Z","hostname":"PKKHICS01L5128","context":"userService","message":"HTTPS server started on "}
{"level":"info","time":"2025-08-10T10:27:15.688Z","hostname":"PKKHICS01L5128","context":"userService","message":"HTTPS server started on "}
{"level":"info","time":"2025-08-10T10:27:22.787Z","hostname":"PKKHICS01L5128","context":"userService","message":"HTTPS server started on "}
{"level":"info","time":"2025-08-10T10:27:22.788Z","hostname":"PKKHICS01L5128","context":"userService","message":"HTTPS server started on "}
{"level":"info","time":"2025-08-10T10:47:04.264Z","hostname":"PKKHICS01L5128","context":"userService","message":"HTTPS server started on "}
{"level":"info","time":"2025-08-10T10:47:04.265Z","hostname":"PKKHICS01L5128","context":"userService","message":"HTTPS server started on "}
{"level":"info","time":"2025-08-10T10:47:41.395Z","hostname":"PKKHICS01L5128","context":"userService","message":"HTTPS server started on "}
{"level":"info","time":"2025-08-10T10:47:41.396Z","hostname":"PKKHICS01L5128","context":"userService","message":"HTTPS server started on "}
{"level":"info","time":"2025-08-10T10:48:02.710Z","hostname":"PKKHICS01L5128","context":"userService","message":"HTTPS server started on "}
{"level":"info","time":"2025-08-10T10:48:02.710Z","hostname":"PKKHICS01L5128","context":"userService","message":"HTTPS server started on "}
{"level":"info","time":"2025-08-10T10:48:08.179Z","hostname":"PKKHICS01L5128","context":"userService","message":"HTTPS server started on "}
{"level":"info","time":"2025-08-10T10:48:08.180Z","hostname":"PKKHICS01L5128","context":"userService","message":"HTTPS server started on "}
{"level":"info","time":"2025-08-10T10:48:20.009Z","hostname":"PKKHICS01L5128","context":"userService","message":"HTTPS server started on "}
{"level":"info","time":"2025-08-10T10:48:20.010Z","hostname":"PKKHICS01L5128","context":"userService","message":"HTTPS server started on "}
{"level":"info","time":"2025-08-10T10:48:25.565Z","hostname":"PKKHICS01L5128","context":"userService","message":"HTTPS server started on "}
{"level":"info","time":"2025-08-10T10:48:25.566Z","hostname":"PKKHICS01L5128","context":"userService","message":"HTTPS server started on "}
{"level":"info","time":"2025-08-10T10:48:31.446Z","hostname":"PKKHICS01L5128","context":"userService","message":"HTTPS server started on "}
{"level":"info","time":"2025-08-10T10:48:31.446Z","hostname":"PKKHICS01L5128","context":"userService","message":"HTTPS server started on "}
{"level":"info","time":"2025-08-10T10:50:14.104Z","hostname":"PKKHICS01L5128","context":"userService","message":"HTTPS server started on "}
{"level":"info","time":"2025-08-10T10:50:14.105Z","hostname":"PKKHICS01L5128","context":"userService","message":"HTTPS server started on "}
{"level":"info","time":"2025-08-10T10:50:19.347Z","hostname":"PKKHICS01L5128","context":"userService","message":"HTTPS server started on "}
{"level":"info","time":"2025-08-10T10:50:19.348Z","hostname":"PKKHICS01L5128","context":"userService","message":"HTTPS server started on "}
{"level":"info","time":"2025-08-10T10:50:24.937Z","hostname":"PKKHICS01L5128","context":"userService","message":"HTTPS server started on "}
{"level":"info","time":"2025-08-10T10:50:24.938Z","hostname":"PKKHICS01L5128","context":"userService","message":"HTTPS server started on "}
{"level":"info","time":"2025-08-10T10:50:33.814Z","hostname":"PKKHICS01L5128","context":"userService","message":"HTTPS server started on "}
{"level":"info","time":"2025-08-10T10:50:33.815Z","hostname":"PKKHICS01L5128","context":"userService","message":"HTTPS server started on "}
{"level":"info","time":"2025-08-10T10:50:39.025Z","hostname":"PKKHICS01L5128","context":"userService","message":"HTTPS server started on "}
{"level":"info","time":"2025-08-10T10:50:39.026Z","hostname":"PKKHICS01L5128","context":"userService","message":"HTTPS server started on "}
{"level":"info","time":"2025-08-10T10:50:45.036Z","hostname":"PKKHICS01L5128","context":"userService","message":"HTTPS server started on "}
{"level":"info","time":"2025-08-10T10:50:45.037Z","hostname":"PKKHICS01L5128","context":"userService","message":"HTTPS server started on "}
{"level":"info","time":"2025-08-10T10:51:00.645Z","hostname":"PKKHICS01L5128","context":"userService","message":"HTTPS server started on "}
{"level":"info","time":"2025-08-10T10:51:00.646Z","hostname":"PKKHICS01L5128","context":"userService","message":"HTTPS server started on "}
{"level":"info","time":"2025-08-10T10:51:05.998Z","hostname":"PKKHICS01L5128","context":"userService","message":"HTTPS server started on "}
{"level":"info","time":"2025-08-10T10:51:05.998Z","hostname":"PKKHICS01L5128","context":"userService","message":"HTTPS server started on "}
{"level":"info","time":"2025-08-10T10:52:13.835Z","hostname":"PKKHICS01L5128","context":"userService","message":"HTTPS server started on "}
{"level":"info","time":"2025-08-10T10:52:13.835Z","hostname":"PKKHICS01L5128","context":"userService","message":"HTTPS server started on "}
{"level":"info","time":"2025-08-10T10:52:27.292Z","hostname":"PKKHICS01L5128","context":"userService","message":"HTTPS server started on "}
{"level":"info","time":"2025-08-10T10:52:27.292Z","hostname":"PKKHICS01L5128","context":"userService","message":"HTTPS server started on "}
{"level":"info","time":"2025-08-10T10:52:29.498Z","hostname":"PKKHICS01L5128","context":"userService","message":"HTTPS server started on "}
{"level":"info","time":"2025-08-10T10:52:29.498Z","hostname":"PKKHICS01L5128","context":"userService","message":"HTTPS server started on "}
{"level":"info","time":"2025-08-10T10:52:34.548Z","hostname":"PKKHICS01L5128","context":"userService","message":"HTTPS server started on "}
{"level":"info","time":"2025-08-10T10:52:34.548Z","hostname":"PKKHICS01L5128","context":"userService","message":"HTTPS server started on "}
{"level":"info","time":"2025-08-10T10:52:39.219Z","hostname":"PKKHICS01L5128","context":"userService","message":"HTTPS server started on "}
{"level":"info","time":"2025-08-10T10:52:39.220Z","hostname":"PKKHICS01L5128","context":"userService","message":"HTTPS server started on "}
{"level":"info","time":"2025-08-10T10:52:59.490Z","hostname":"PKKHICS01L5128","context":"userService","message":"HTTPS server started on "}
{"level":"info","time":"2025-08-10T10:52:59.491Z","hostname":"PKKHICS01L5128","context":"userService","message":"HTTPS server started on "}
{"level":"info","time":"2025-08-10T10:58:26.393Z","hostname":"PKKHICS01L5128","context":"userService","message":"HTTPS server started on "}
{"level":"info","time":"2025-08-10T10:58:26.393Z","hostname":"PKKHICS01L5128","context":"userService","message":"HTTPS server started on "}
{"level":"info","time":"2025-08-10T10:58:45.487Z","hostname":"PKKHICS01L5128","context":"userService","message":"HTTPS server started on "}
{"level":"info","time":"2025-08-10T10:58:45.489Z","hostname":"PKKHICS01L5128","context":"userService","message":"HTTPS server started on "}
{"level":"info","time":"2025-08-10T10:58:53.065Z","hostname":"PKKHICS01L5128","context":"userService","message":"HTTPS server started on "}
{"level":"info","time":"2025-08-10T10:58:53.066Z","hostname":"PKKHICS01L5128","context":"userService","message":"HTTPS server started on "}
{"level":"info","time":"2025-08-10T10:59:00.625Z","hostname":"PKKHICS01L5128","context":"userService","message":"HTTPS server started on "}
{"level":"info","time":"2025-08-10T10:59:00.626Z","hostname":"PKKHICS01L5128","context":"userService","message":"HTTPS server started on "}
{"level":"info","time":"2025-08-10T10:59:07.930Z","hostname":"PKKHICS01L5128","context":"userService","message":"HTTPS server started on "}
{"level":"info","time":"2025-08-10T10:59:07.932Z","hostname":"PKKHICS01L5128","context":"userService","message":"HTTPS server started on "}
{"level":"info","time":"2025-08-10T11:55:13.567Z","hostname":"PKKHICS01L5128","context":"userService","message":"HTTPS server started on "}
{"level":"info","time":"2025-08-10T11:55:13.568Z","hostname":"PKKHICS01L5128","context":"userService","message":"HTTPS server started on "}
{"level":"error","time":"2025-08-10T11:56:08.289Z","hostname":"PKKHICS01L5128","context":"userService","message":"MongoNetworkTimeoutError: connection 1 to 159.41.242.72:27017 timed out\n    at Timeout._onTimeout (D:\\owais\\New folder\\node_modules\\mongodb\\lib\\cmap\\connection.js:118:26)\n    at listOnTimeout (node:internal/timers:608:17)\n    at process.processTimers (node:internal/timers:543:7)"}
{"level":"info","time":"2025-08-10T12:00:13.542Z","hostname":"PKKHICS01L5128","context":"userService","message":"HTTPS server started on "}
{"level":"info","time":"2025-08-10T12:00:13.543Z","hostname":"PKKHICS01L5128","context":"userService","message":"HTTPS server started on "}
{"level":"info","time":"2025-08-10T12:22:42.740Z","hostname":"PKKHICS01L5128","context":"userService","message":"HTTPS server started on "}
{"level":"info","time":"2025-08-10T12:22:42.743Z","hostname":"PKKHICS01L5128","context":"userService","message":"HTTPS server started on "}
{"level":"info","time":"2025-08-10T12:22:59.531Z","hostname":"PKKHICS01L5128","context":"userService","message":"HTTPS server started on "}
{"level":"info","time":"2025-08-10T12:22:59.534Z","hostname":"PKKHICS01L5128","context":"userService","message":"HTTPS server started on "}
{"level":"info","time":"2025-08-10T12:23:17.530Z","hostname":"PKKHICS01L5128","context":"userService","message":"HTTPS server started on "}
{"level":"info","time":"2025-08-10T12:23:17.533Z","hostname":"PKKHICS01L5128","context":"userService","message":"HTTPS server started on "}
{"level":"info","time":"2025-08-10T12:23:56.195Z","hostname":"PKKHICS01L5128","context":"userService","message":"HTTPS server started on "}
{"level":"info","time":"2025-08-10T12:23:56.197Z","hostname":"PKKHICS01L5128","context":"userService","message":"HTTPS server started on "}
{"level":"info","time":"2025-08-10T12:26:41.450Z","hostname":"PKKHICS01L5128","context":"userService","message":"HTTPS server started on "}
{"level":"info","time":"2025-08-10T12:26:41.451Z","hostname":"PKKHICS01L5128","context":"userService","message":"HTTPS server started on "}
{"level":"info","time":"2025-08-10T12:58:23.204Z","hostname":"PKKHICS01L5128","context":"userService","message":"HTTPS server started on "}
{"level":"info","time":"2025-08-10T12:58:23.211Z","hostname":"PKKHICS01L5128","context":"userService","message":"HTTPS server started on "}
{"level":"info","time":"2025-08-10T12:58:29.371Z","hostname":"PKKHICS01L5128","context":"userService","message":"HTTPS server started on "}
{"level":"info","time":"2025-08-10T12:58:29.374Z","hostname":"PKKHICS01L5128","context":"userService","message":"HTTPS server started on "}
{"level":"info","time":"2025-08-10T13:35:54.811Z","hostname":"PKKHICS01L5128","context":"userService","message":"HTTPS server started on "}
{"level":"info","time":"2025-08-10T13:35:54.811Z","hostname":"PKKHICS01L5128","context":"userService","message":"HTTPS server started on "}
{"level":"info","time":"2025-08-10T13:36:06.914Z","hostname":"PKKHICS01L5128","context":"userService","message":"HTTPS server started on "}
{"level":"info","time":"2025-08-10T13:36:06.915Z","hostname":"PKKHICS01L5128","context":"userService","message":"HTTPS server started on "}
{"level":"info","time":"2025-08-10T14:27:01.487Z","hostname":"PKKHICS01L5128","context":"userService","message":"HTTPS server started on "}
{"level":"info","time":"2025-08-10T14:27:01.488Z","hostname":"PKKHICS01L5128","context":"userService","message":"HTTPS server started on "}
{"level":"info","time":"2025-08-10T14:27:13.130Z","hostname":"PKKHICS01L5128","context":"userService","message":"HTTPS server started on "}
{"level":"info","time":"2025-08-10T14:27:13.131Z","hostname":"PKKHICS01L5128","context":"userService","message":"HTTPS server started on "}
{"level":"info","time":"2025-08-10T14:27:17.766Z","hostname":"PKKHICS01L5128","context":"userService","message":"HTTPS server started on "}
{"level":"info","time":"2025-08-10T14:27:17.767Z","hostname":"PKKHICS01L5128","context":"userService","message":"HTTPS server started on "}
{"level":"info","time":"2025-08-10T14:30:08.512Z","hostname":"PKKHICS01L5128","context":"userService","message":"HTTPS server started on "}
{"level":"info","time":"2025-08-10T14:30:08.513Z","hostname":"PKKHICS01L5128","context":"userService","message":"HTTPS server started on "}
{"level":"info","time":"2025-08-10T14:32:23.089Z","hostname":"PKKHICS01L5128","context":"userService","message":"HTTPS server started on "}
{"level":"info","time":"2025-08-10T14:32:23.090Z","hostname":"PKKHICS01L5128","context":"userService","message":"HTTPS server started on "}
{"level":"info","time":"2025-08-10T14:32:53.775Z","hostname":"PKKHICS01L5128","context":"userService","message":"HTTPS server started on "}
{"level":"info","time":"2025-08-10T14:32:53.776Z","hostname":"PKKHICS01L5128","context":"userService","message":"HTTPS server started on "}
{"level":"info","time":"2025-08-10T14:32:58.366Z","hostname":"PKKHICS01L5128","context":"userService","message":"HTTPS server started on "}
{"level":"info","time":"2025-08-10T14:32:58.367Z","hostname":"PKKHICS01L5128","context":"userService","message":"HTTPS server started on "}
{"level":"info","time":"2025-08-10T14:33:08.827Z","hostname":"PKKHICS01L5128","context":"userService","message":"HTTPS server started on "}
{"level":"info","time":"2025-08-10T14:33:08.828Z","hostname":"PKKHICS01L5128","context":"userService","message":"HTTPS server started on "}
{"level":"info","time":"2025-08-10T14:33:17.924Z","hostname":"PKKHICS01L5128","context":"userService","message":"HTTPS server started on "}
{"level":"info","time":"2025-08-10T14:33:17.925Z","hostname":"PKKHICS01L5128","context":"userService","message":"HTTPS server started on "}
{"level":"info","time":"2025-08-10T14:33:20.762Z","hostname":"PKKHICS01L5128","context":"userService","message":"HTTPS server started on "}
{"level":"info","time":"2025-08-10T14:33:20.763Z","hostname":"PKKHICS01L5128","context":"userService","message":"HTTPS server started on "}
{"level":"info","time":"2025-08-10T17:03:53.906Z","hostname":"PKKHICS01L5128","context":"userService","message":"HTTPS server started on "}
{"level":"info","time":"2025-08-10T17:03:53.908Z","hostname":"PKKHICS01L5128","context":"userService","message":"HTTPS server started on "}
{"level":"info","time":"2025-08-10T17:38:56.860Z","hostname":"PKKHICS01L5128","context":"userService","message":"HTTPS server started on "}
{"level":"info","time":"2025-08-10T17:38:56.862Z","hostname":"PKKHICS01L5128","context":"userService","message":"HTTPS server started on "}
{"level":"info","time":"2025-08-10T17:39:28.319Z","hostname":"PKKHICS01L5128","context":"userService","message":"HTTPS server started on "}
{"level":"info","time":"2025-08-10T17:39:28.321Z","hostname":"PKKHICS01L5128","context":"userService","message":"HTTPS server started on "}
{"level":"info","time":"2025-08-10T17:39:44.788Z","hostname":"PKKHICS01L5128","context":"userService","message":"HTTPS server started on "}
{"level":"info","time":"2025-08-10T17:39:44.789Z","hostname":"PKKHICS01L5128","context":"userService","message":"HTTPS server started on "}
{"level":"info","time":"2025-08-11T16:29:51.569Z","hostname":"PKKHICS01L5128","context":"userService","message":"HTTPS server started on "}
{"level":"info","time":"2025-08-11T16:29:51.571Z","hostname":"PKKHICS01L5128","context":"userService","message":"HTTPS server started on "}
{"level":"info","time":"2025-08-11T16:35:40.848Z","hostname":"PKKHICS01L5128","context":"userService","message":"HTTPS server started on "}
{"level":"info","time":"2025-08-11T16:35:40.849Z","hostname":"PKKHICS01L5128","context":"userService","message":"HTTPS server started on "}
{"level":"info","time":"2025-08-11T16:35:55.111Z","hostname":"PKKHICS01L5128","context":"userService","message":"HTTPS server started on "}
{"level":"info","time":"2025-08-11T16:35:55.112Z","hostname":"PKKHICS01L5128","context":"userService","message":"HTTPS server started on "}
{"level":"info","time":"2025-08-11T16:36:09.156Z","hostname":"PKKHICS01L5128","context":"userService","message":"HTTPS server started on "}
{"level":"info","time":"2025-08-11T16:36:09.157Z","hostname":"PKKHICS01L5128","context":"userService","message":"HTTPS server started on "}
{"level":"info","time":"2025-08-11T16:36:15.121Z","hostname":"PKKHICS01L5128","context":"userService","message":"HTTPS server started on "}
{"level":"info","time":"2025-08-11T16:36:15.122Z","hostname":"PKKHICS01L5128","context":"userService","message":"HTTPS server started on "}
{"level":"info","time":"2025-08-11T16:36:24.573Z","hostname":"PKKHICS01L5128","context":"userService","message":"HTTPS server started on "}
{"level":"info","time":"2025-08-11T16:36:24.574Z","hostname":"PKKHICS01L5128","context":"userService","message":"HTTPS server started on "}
{"level":"info","time":"2025-08-11T16:36:29.110Z","hostname":"PKKHICS01L5128","context":"userService","message":"HTTPS server started on "}
{"level":"info","time":"2025-08-11T16:36:29.111Z","hostname":"PKKHICS01L5128","context":"userService","message":"HTTPS server started on "}
{"level":"info","time":"2025-08-11T16:36:32.847Z","hostname":"PKKHICS01L5128","context":"userService","message":"HTTPS server started on "}
{"level":"info","time":"2025-08-11T16:36:32.848Z","hostname":"PKKHICS01L5128","context":"userService","message":"HTTPS server started on "}
{"level":"info","time":"2025-08-11T16:36:47.471Z","hostname":"PKKHICS01L5128","context":"userService","message":"HTTPS server started on "}
{"level":"info","time":"2025-08-11T16:36:47.472Z","hostname":"PKKHICS01L5128","context":"userService","message":"HTTPS server started on "}
{"level":"info","time":"2025-08-11T16:37:17.389Z","hostname":"PKKHICS01L5128","context":"userService","message":"HTTPS server started on "}
{"level":"info","time":"2025-08-11T16:37:17.390Z","hostname":"PKKHICS01L5128","context":"userService","message":"HTTPS server started on "}
{"level":"info","time":"2025-08-11T16:37:24.831Z","hostname":"PKKHICS01L5128","context":"userService","message":"HTTPS server started on "}
{"level":"info","time":"2025-08-11T16:37:24.833Z","hostname":"PKKHICS01L5128","context":"userService","message":"HTTPS server started on "}
{"level":"info","time":"2025-08-11T16:37:28.476Z","hostname":"PKKHICS01L5128","context":"userService","message":"HTTPS server started on "}
{"level":"info","time":"2025-08-11T16:37:28.478Z","hostname":"PKKHICS01L5128","context":"userService","message":"HTTPS server started on "}
{"level":"info","time":"2025-08-11T16:37:32.476Z","hostname":"PKKHICS01L5128","context":"userService","message":"HTTPS server started on "}
{"level":"info","time":"2025-08-11T16:37:32.477Z","hostname":"PKKHICS01L5128","context":"userService","message":"HTTPS server started on "}
{"level":"info","time":"2025-08-11T16:37:39.074Z","hostname":"PKKHICS01L5128","context":"userService","message":"HTTPS server started on "}
{"level":"info","time":"2025-08-11T16:37:39.074Z","hostname":"PKKHICS01L5128","context":"userService","message":"HTTPS server started on "}
{"level":"info","time":"2025-08-11T16:37:49.018Z","hostname":"PKKHICS01L5128","context":"userService","message":"HTTPS server started on "}
{"level":"info","time":"2025-08-11T16:37:49.019Z","hostname":"PKKHICS01L5128","context":"userService","message":"HTTPS server started on "}
{"level":"info","time":"2025-08-11T16:37:53.516Z","hostname":"PKKHICS01L5128","context":"userService","message":"HTTPS server started on "}
{"level":"info","time":"2025-08-11T16:37:53.517Z","hostname":"PKKHICS01L5128","context":"userService","message":"HTTPS server started on "}
{"level":"info","time":"2025-08-11T16:37:57.487Z","hostname":"PKKHICS01L5128","context":"userService","message":"HTTPS server started on "}
{"level":"info","time":"2025-08-11T16:37:57.488Z","hostname":"PKKHICS01L5128","context":"userService","message":"HTTPS server started on "}
{"level":"info","time":"2025-08-11T16:38:01.105Z","hostname":"PKKHICS01L5128","context":"userService","message":"HTTPS server started on "}
{"level":"info","time":"2025-08-11T16:38:01.107Z","hostname":"PKKHICS01L5128","context":"userService","message":"HTTPS server started on "}
{"level":"info","time":"2025-08-11T16:40:36.763Z","hostname":"PKKHICS01L5128","context":"userService","message":"HTTPS server started on "}
{"level":"info","time":"2025-08-11T16:40:36.764Z","hostname":"PKKHICS01L5128","context":"userService","message":"HTTPS server started on "}
{"level":"info","time":"2025-08-11T16:40:45.412Z","hostname":"PKKHICS01L5128","context":"userService","message":"HTTPS server started on "}
{"level":"info","time":"2025-08-11T16:40:45.413Z","hostname":"PKKHICS01L5128","context":"userService","message":"HTTPS server started on "}
{"level":"info","time":"2025-08-11T16:40:52.018Z","hostname":"PKKHICS01L5128","context":"userService","message":"HTTPS server started on "}
{"level":"info","time":"2025-08-11T16:40:52.019Z","hostname":"PKKHICS01L5128","context":"userService","message":"HTTPS server started on "}
{"level":"info","time":"2025-08-11T16:40:59.369Z","hostname":"PKKHICS01L5128","context":"userService","message":"HTTPS server started on "}
{"level":"info","time":"2025-08-11T16:40:59.370Z","hostname":"PKKHICS01L5128","context":"userService","message":"HTTPS server started on "}
{"level":"info","time":"2025-08-11T16:41:19.086Z","hostname":"PKKHICS01L5128","context":"userService","message":"HTTPS server started on "}
{"level":"info","time":"2025-08-11T16:41:19.088Z","hostname":"PKKHICS01L5128","context":"userService","message":"HTTPS server started on "}
{"level":"info","time":"2025-08-11T16:41:27.324Z","hostname":"PKKHICS01L5128","context":"userService","message":"HTTPS server started on "}
{"level":"info","time":"2025-08-11T16:41:27.324Z","hostname":"PKKHICS01L5128","context":"userService","message":"HTTPS server started on "}
{"level":"info","time":"2025-08-11T16:41:31.656Z","hostname":"PKKHICS01L5128","context":"userService","message":"HTTPS server started on "}
{"level":"info","time":"2025-08-11T16:41:31.657Z","hostname":"PKKHICS01L5128","context":"userService","message":"HTTPS server started on "}
{"level":"info","time":"2025-08-11T16:41:37.491Z","hostname":"PKKHICS01L5128","context":"userService","message":"HTTPS server started on "}
{"level":"info","time":"2025-08-11T16:41:37.492Z","hostname":"PKKHICS01L5128","context":"userService","message":"HTTPS server started on "}
{"level":"info","time":"2025-08-11T16:41:47.138Z","hostname":"PKKHICS01L5128","context":"userService","message":"HTTPS server started on "}
{"level":"info","time":"2025-08-11T16:41:47.139Z","hostname":"PKKHICS01L5128","context":"userService","message":"HTTPS server started on "}
{"level":"info","time":"2025-08-11T16:44:42.391Z","hostname":"PKKHICS01L5128","context":"userService","message":"HTTPS server started on "}
{"level":"info","time":"2025-08-11T16:44:42.392Z","hostname":"PKKHICS01L5128","context":"userService","message":"HTTPS server started on "}
{"level":"info","time":"2025-08-11T16:44:47.821Z","hostname":"PKKHICS01L5128","context":"userService","message":"HTTPS server started on "}
{"level":"info","time":"2025-08-11T16:44:47.821Z","hostname":"PKKHICS01L5128","context":"userService","message":"HTTPS server started on "}
{"level":"info","time":"2025-08-11T16:44:55.690Z","hostname":"PKKHICS01L5128","context":"userService","message":"HTTPS server started on "}
{"level":"info","time":"2025-08-11T16:44:55.690Z","hostname":"PKKHICS01L5128","context":"userService","message":"HTTPS server started on "}
{"level":"info","time":"2025-08-11T16:45:05.491Z","hostname":"PKKHICS01L5128","context":"userService","message":"HTTPS server started on "}
{"level":"info","time":"2025-08-11T16:45:05.492Z","hostname":"PKKHICS01L5128","context":"userService","message":"HTTPS server started on "}
{"level":"info","time":"2025-08-11T16:45:11.767Z","hostname":"PKKHICS01L5128","context":"userService","message":"HTTPS server started on "}
{"level":"info","time":"2025-08-11T16:45:11.768Z","hostname":"PKKHICS01L5128","context":"userService","message":"HTTPS server started on "}
{"level":"info","time":"2025-08-11T16:45:18.154Z","hostname":"PKKHICS01L5128","context":"userService","message":"HTTPS server started on "}
{"level":"info","time":"2025-08-11T16:45:18.157Z","hostname":"PKKHICS01L5128","context":"userService","message":"HTTPS server started on "}
{"level":"info","time":"2025-08-11T16:45:23.520Z","hostname":"PKKHICS01L5128","context":"userService","message":"HTTPS server started on "}
{"level":"info","time":"2025-08-11T16:45:23.521Z","hostname":"PKKHICS01L5128","context":"userService","message":"HTTPS server started on "}
{"level":"info","time":"2025-08-11T16:45:27.338Z","hostname":"PKKHICS01L5128","context":"userService","message":"HTTPS server started on "}
{"level":"info","time":"2025-08-11T16:45:27.339Z","hostname":"PKKHICS01L5128","context":"userService","message":"HTTPS server started on "}
{"level":"info","time":"2025-08-11T16:45:31.225Z","hostname":"PKKHICS01L5128","context":"userService","message":"HTTPS server started on "}
{"level":"info","time":"2025-08-11T16:45:31.226Z","hostname":"PKKHICS01L5128","context":"userService","message":"HTTPS server started on "}
{"level":"info","time":"2025-08-11T16:45:39.601Z","hostname":"PKKHICS01L5128","context":"userService","message":"HTTPS server started on "}
{"level":"info","time":"2025-08-11T16:45:39.601Z","hostname":"PKKHICS01L5128","context":"userService","message":"HTTPS server started on "}
{"level":"info","time":"2025-08-11T16:45:43.718Z","hostname":"PKKHICS01L5128","context":"userService","message":"HTTPS server started on "}
{"level":"info","time":"2025-08-11T16:45:43.719Z","hostname":"PKKHICS01L5128","context":"userService","message":"HTTPS server started on "}
{"level":"info","time":"2025-08-11T16:45:46.830Z","hostname":"PKKHICS01L5128","context":"userService","message":"HTTPS server started on "}
{"level":"info","time":"2025-08-11T16:45:46.831Z","hostname":"PKKHICS01L5128","context":"userService","message":"HTTPS server started on "}
{"level":"info","time":"2025-08-11T16:45:50.366Z","hostname":"PKKHICS01L5128","context":"userService","message":"HTTPS server started on "}
{"level":"info","time":"2025-08-11T16:45:50.367Z","hostname":"PKKHICS01L5128","context":"userService","message":"HTTPS server started on "}
{"level":"info","time":"2025-08-11T16:47:56.701Z","hostname":"PKKHICS01L5128","context":"userService","message":"HTTPS server started on "}
{"level":"info","time":"2025-08-11T16:47:56.702Z","hostname":"PKKHICS01L5128","context":"userService","message":"HTTPS server started on "}
{"level":"info","time":"2025-08-11T16:48:12.356Z","hostname":"PKKHICS01L5128","context":"userService","message":"HTTPS server started on "}
{"level":"info","time":"2025-08-11T16:48:12.357Z","hostname":"PKKHICS01L5128","context":"userService","message":"HTTPS server started on "}
{"level":"info","time":"2025-08-11T16:48:23.714Z","hostname":"PKKHICS01L5128","context":"userService","message":"HTTPS server started on "}
{"level":"info","time":"2025-08-11T16:48:23.715Z","hostname":"PKKHICS01L5128","context":"userService","message":"HTTPS server started on "}
{"level":"info","time":"2025-08-11T16:48:31.071Z","hostname":"PKKHICS01L5128","context":"userService","message":"HTTPS server started on "}
{"level":"info","time":"2025-08-11T16:48:31.071Z","hostname":"PKKHICS01L5128","context":"userService","message":"HTTPS server started on "}
